===========================================
    start Fetching
now: 2018-12-22 10:02:45.166648
start: 2018-12-15 10:02:45.166648
select title, content, keystock, time from news where keystock != ''  and time between '2018-12-15' and '2018-12-22 10:02:45' order by time desc
Traceback (most recent call last):
  File "predict.py", line 24, in <module>
    cursor.execute(check_sql)
  File "/usr/local/lib/python3.6/dist-packages/pymysql/cursors.py", line 170, in execute
    result = self._query(query)
  File "/usr/local/lib/python3.6/dist-packages/pymysql/cursors.py", line 328, in _query
    conn.query(q)
  File "/usr/local/lib/python3.6/dist-packages/pymysql/connections.py", line 516, in query
    self._affected_rows = self._read_query_result(unbuffered=unbuffered)
  File "/usr/local/lib/python3.6/dist-packages/pymysql/connections.py", line 727, in _read_query_result
    result.read()
  File "/usr/local/lib/python3.6/dist-packages/pymysql/connections.py", line 1066, in read
    first_packet = self.connection._read_packet()
  File "/usr/local/lib/python3.6/dist-packages/pymysql/connections.py", line 656, in _read_packet
    packet_header = self._read_bytes(4)
  File "/usr/local/lib/python3.6/dist-packages/pymysql/connections.py", line 690, in _read_bytes
    data = self._rfile.read(num_bytes)
  File "/usr/lib/python3.6/socket.py", line 586, in readinto
    return self._sock.recv_into(b)
KeyboardInterrupt
