nohup: ignoring input
Building prefix dict from the default dictionary ...
Loading model from cache /tmp/jieba.cache
Loading model cost 0.945 seconds.
Prefix dict has been built succesfully.
===========================================
    start Fetching
now: 2018-12-23 00:11:12.668854
start: 2018-12-16 00:11:12.668854
select title, content, keystock, time from news where keystock != ''  and time between '2018-12-16' and '2018-12-23 00:11:12' order by time desc
size of data: 6053
    end Fetching
===========================================
  stock data processing..
   done.
===========================================
   start jieba cut
    end jieba cut
===========================================
   Loading TFIDF Vectorizer
   Loading Complete
===========================================
   Loading Bayes Model
   Loading Complete
Rank : 0  / 10:
Code : 002680
Proba: 0.9968434114496945
Related keywords: ['易方达', '香港', '减税', '基金', '市场', '改革开放', '有限公司', '舒马赫', '内容', '客户端', '资产', 'AI', '发展', '降费', '货币基金', '中国', '改革']
Rank : 1  / 10:
Code : 002291
Proba: 0.9915899966242657
Related keywords: ['TCL', '公司', '集团', '李东生', '业务', '出售', '资产', '交易', '上市公司', '中国', '本次', '发展', '改革开放', '亿元', '董事长', '评估', '改革']
Rank : 2  / 10:
Code : 002323
Proba: 0.9894954848446178
Related keywords: ['中弘', '理财', '第三方', '公司', '违约', '维权', '退市', '私募', '投资', '资管', '机构', '投资者', '产品', '债务', '资产', '亿元']
Rank : 3  / 10:
Code : 002761
Proba: 0.9890243723141985
Related keywords: ['质押', 'ST', '公司', '股份', '晚间', '股东', '股权', '公告', '恩华', '华鹏', '派思', '科伦', '所持', '保壳', '药业', '控股', '亿元']
Rank : 4  / 10:
Code : 300380
Proba: 0.9851415968848348
Related keywords: ['ST', '慧球', '公司', '保壳', '暂停', '尤夫', '封板', '亏损', '运作', '景谷', '资产', '涨幅', '亿元', '厦华', '连续']
Rank : 5  / 10:
Code : 002070
Proba: 0.9846664349567761
Related keywords: ['ST', 'TCL', '公司', '出售', '资产', '交易', '业务', '上市公司', '5G', '转让', 'A股', '问询', '股权', '集团', '股东', '基金']
Rank : 6  / 10:
Code : 600074
Proba: 0.9846664349567761
Related keywords: ['ST', '公司', 'A股', '德奥', '亿元', '上市公司', '保壳', '新潮', '业绩', '资金', '板块', '中岩', '暂停', '市场', '净资产', '慧球']
Rank : 7  / 10:
Code : 600401
Proba: 0.9846664349567761
Related keywords: ['ST', '退市', '公司', '保壳', '上市', '暂停', '龙力', '吉恩', '金亚', '亏损', '莱士', '亿元', '昆机', '深交所', '烯碳']
Rank : 8  / 10:
Code : 600161
Proba: 0.9802086965347966
Related keywords: ['华商', 'ST', '基金', '公司', '保壳', '收益', '规模', '亏损', '公募', '抱团', '梁永强', '净值', '缩水', '三季度', 'wind', '债基', '风格']
Rank : 9  / 10:
Code : 002394
Proba: 0.9744212226939178
Related keywords: ['ST', '保壳', '公司', '暂停', '运作', '亏损', '上市', '厦华', '净资产', '为例', '蓝科', '遭遇', '连续', '上市公司', '监管', '转让', '季度', '难度', '家数', 'A股']
feature: ['00', '000', '0000', '0001', '001', '002', '002457cn', '003', '007', '008', '0081', '0084', '01', '0137', '0180', '02', '020', '023', '0240', '025', '027', '028', '03', '030838', '0332', '0399', '04', '041', '043', '0438', '047419', '048', '05', '051', '053', '058', '059', '05a', '06', '0606', '063', '0659', '066', '068', '069', '07', '0757', '079', '08', '080', '082', '0848', '0851', '086', '088', '09', '090', '094', '096', '10', '100', '1000', '1000etf', '1000kv', '1008', '1009', '100etf', '100g', '100mg', '100mhz', '100mw', '101', '10183', '102', '1022', '10245', '10273', '103', '1031', '10359', '104', '10417', '10433', '10444', '105', '10515', '10555', '10556', '106', '1061', '1068', '1069', '107', '1070', '1071', '107804206', '1081', '10882', '109', '10972']
feature: ['鼎利', '鼎力', '鼎奇', '鼎实', '鼎家', '鼎昌', '鼎晖', '鼎汉', '鼎益丰', '鼎盛', '鼎知', '鼎耘', '鼎龙', '鼓励', '鼓励奖', '鼓山', '鼓楼区', '鼻腔', '齐全', '齐发', '齐向东', '齐宇', '齐射', '齐屹', '齐心', '齐木', '齐洋', '齐浩程', '齐涨', '齐白石', '齐秉春', '齐翔', '齐聚', '齐跌', '齐金钊', '齐鲁', '齐鲁晚报', '齐齐哈尔市', '齿轮', '龙一', '龙井市', '龙元', '龙光', '龙净环保', '龙利得', '龙力', '龙南', '龙卷风', '龙园', '龙图腾', '龙大', '龙头', '龙头企业', '龙头老大', '龙头股', '龙尚', '龙山', '龙岗', '龙岗区', '龙帆', '龙建', '龙微', '龙承春', '龙文', '龙汇', '龙江', '龙河', '龙洲', '龙洲湾', '龙海', '龙湖', '龙湾', '龙源', '龙焱', '龙牙', '龙玲', '龙盛', '龙盟', '龙科技', '龙翔', '龙脊', '龙舌兰', '龙芯', '龙薇', '龙虎', '龙虎榜', '龙蟒', '龙蟠', '龙豪榕康', '龙铁', '龙门', '龙陵县', '龚方雄', '龚月蓉', '龚某', '龚沈璐', '龚炜', '龚爱爱', '龚虹嘉']
