2018-10-01T11:17:23.366+0000 I CONTROL  [main] Automatically disabling TLS 1.0, to force-enable TLS 1.0 specify --sslDisabledProtocols 'none'
2018-10-01T11:17:23.372+0000 I CONTROL  [initandlisten] MongoDB starting : pid=2245 port=27017 dbpath=/data/db 64-bit host=ubuntu-sfo2
2018-10-01T11:17:23.372+0000 I CONTROL  [initandlisten] db version v4.0.2
2018-10-01T11:17:23.372+0000 I CONTROL  [initandlisten] git version: fc1573ba18aee42f97a3bb13b67af7d837826b47
2018-10-01T11:17:23.372+0000 I CONTROL  [initandlisten] OpenSSL version: OpenSSL 1.0.2n  7 Dec 2017
2018-10-01T11:17:23.372+0000 I CONTROL  [initandlisten] allocator: tcmalloc
2018-10-01T11:17:23.372+0000 I CONTROL  [initandlisten] modules: none
2018-10-01T11:17:23.372+0000 I CONTROL  [initandlisten] build environment:
2018-10-01T11:17:23.372+0000 I CONTROL  [initandlisten]     distmod: ubuntu1604
2018-10-01T11:17:23.372+0000 I CONTROL  [initandlisten]     distarch: x86_64
2018-10-01T11:17:23.372+0000 I CONTROL  [initandlisten]     target_arch: x86_64
2018-10-01T11:17:23.372+0000 I CONTROL  [initandlisten] options: {}
2018-10-01T11:17:23.372+0000 I STORAGE  [initandlisten] Detected data files in /data/db created by the 'wiredTiger' storage engine, so setting the active storage engine to 'wiredTiger'.
2018-10-01T11:17:23.372+0000 I STORAGE  [initandlisten] 
2018-10-01T11:17:23.372+0000 I STORAGE  [initandlisten] ** WARNING: Using the XFS filesystem is strongly recommended with the WiredTiger storage engine
2018-10-01T11:17:23.372+0000 I STORAGE  [initandlisten] **          See http://dochub.mongodb.org/core/prodnotes-filesystem
2018-10-01T11:17:23.373+0000 I STORAGE  [initandlisten] wiredtiger_open config: create,cache_size=256M,session_max=20000,eviction=(threads_min=4,threads_max=4),config_base=false,statistics=(fast),log=(enabled=true,archive=true,path=journal,compressor=snappy),file_manager=(close_idle_time=100000),statistics_log=(wait=0),verbose=(recovery_progress),
2018-10-01T11:17:24.250+0000 I STORAGE  [initandlisten] WiredTiger message [1538392644:250117][2245:0x7f7786062680], txn-recover: Main recovery loop: starting at 5/8320
2018-10-01T11:17:24.352+0000 I STORAGE  [initandlisten] WiredTiger message [1538392644:352692][2245:0x7f7786062680], txn-recover: Recovering log 5 through 6
2018-10-01T11:17:24.410+0000 I STORAGE  [initandlisten] WiredTiger message [1538392644:410535][2245:0x7f7786062680], txn-recover: Recovering log 6 through 6
2018-10-01T11:17:24.462+0000 I STORAGE  [initandlisten] WiredTiger message [1538392644:462836][2245:0x7f7786062680], txn-recover: Set global recovery timestamp: 0
2018-10-01T11:17:24.484+0000 I RECOVERY [initandlisten] WiredTiger recoveryTimestamp. Ts: Timestamp(0, 0)
2018-10-01T11:17:24.490+0000 I CONTROL  [initandlisten] 
2018-10-01T11:17:24.490+0000 I CONTROL  [initandlisten] ** WARNING: Access control is not enabled for the database.
2018-10-01T11:17:24.490+0000 I CONTROL  [initandlisten] **          Read and write access to data and configuration is unrestricted.
2018-10-01T11:17:24.490+0000 I CONTROL  [initandlisten] ** WARNING: You are running this process as the root user, which is not recommended.
2018-10-01T11:17:24.490+0000 I CONTROL  [initandlisten] 
2018-10-01T11:17:24.490+0000 I CONTROL  [initandlisten] ** WARNING: This server is bound to localhost.
2018-10-01T11:17:24.490+0000 I CONTROL  [initandlisten] **          Remote systems will be unable to connect to this server. 
2018-10-01T11:17:24.490+0000 I CONTROL  [initandlisten] **          Start the server with --bind_ip <address> to specify which IP 
2018-10-01T11:17:24.490+0000 I CONTROL  [initandlisten] **          addresses it should serve responses from, or with --bind_ip_all to
2018-10-01T11:17:24.490+0000 I CONTROL  [initandlisten] **          bind to all interfaces. If this behavior is desired, start the
2018-10-01T11:17:24.490+0000 I CONTROL  [initandlisten] **          server with --bind_ip 127.0.0.1 to disable this warning.
2018-10-01T11:17:24.490+0000 I CONTROL  [initandlisten] 
2018-10-01T11:17:24.502+0000 I FTDC     [initandlisten] Initializing full-time diagnostic data capture with directory '/data/db/diagnostic.data'
2018-10-01T11:17:24.502+0000 I NETWORK  [initandlisten] waiting for connections on port 27017
2018-10-01T11:17:24.849+0000 I CONTROL  [free_mon] Free Monitoring is Enabled. Frequency: 60 seconds
2018-10-01T11:22:03.305+0000 I CONTROL  [main] Automatically disabling TLS 1.0, to force-enable TLS 1.0 specify --sslDisabledProtocols 'none'
2018-10-01T11:22:03.310+0000 I CONTROL  [initandlisten] MongoDB starting : pid=2286 port=27017 dbpath=/data/db 64-bit host=ubuntu-sfo2
2018-10-01T11:22:03.310+0000 I CONTROL  [initandlisten] db version v4.0.2
2018-10-01T11:22:03.310+0000 I CONTROL  [initandlisten] git version: fc1573ba18aee42f97a3bb13b67af7d837826b47
2018-10-01T11:22:03.310+0000 I CONTROL  [initandlisten] OpenSSL version: OpenSSL 1.0.2n  7 Dec 2017
2018-10-01T11:22:03.310+0000 I CONTROL  [initandlisten] allocator: tcmalloc
2018-10-01T11:22:03.310+0000 I CONTROL  [initandlisten] modules: none
2018-10-01T11:22:03.310+0000 I CONTROL  [initandlisten] build environment:
2018-10-01T11:22:03.310+0000 I CONTROL  [initandlisten]     distmod: ubuntu1604
2018-10-01T11:22:03.310+0000 I CONTROL  [initandlisten]     distarch: x86_64
2018-10-01T11:22:03.310+0000 I CONTROL  [initandlisten]     target_arch: x86_64
2018-10-01T11:22:03.310+0000 I CONTROL  [initandlisten] options: {}
2018-10-01T11:22:03.310+0000 W STORAGE  [initandlisten] Detected unclean shutdown - /data/db/mongod.lock is not empty.
2018-10-01T11:22:03.311+0000 I STORAGE  [initandlisten] Detected data files in /data/db created by the 'wiredTiger' storage engine, so setting the active storage engine to 'wiredTiger'.
2018-10-01T11:22:03.311+0000 W STORAGE  [initandlisten] Recovering data from the last clean checkpoint.
2018-10-01T11:22:03.311+0000 I STORAGE  [initandlisten] 
2018-10-01T11:22:03.311+0000 I STORAGE  [initandlisten] ** WARNING: Using the XFS filesystem is strongly recommended with the WiredTiger storage engine
2018-10-01T11:22:03.311+0000 I STORAGE  [initandlisten] **          See http://dochub.mongodb.org/core/prodnotes-filesystem
2018-10-01T11:22:03.311+0000 I STORAGE  [initandlisten] wiredtiger_open config: create,cache_size=256M,session_max=20000,eviction=(threads_min=4,threads_max=4),config_base=false,statistics=(fast),log=(enabled=true,archive=true,path=journal,compressor=snappy),file_manager=(close_idle_time=100000),statistics_log=(wait=0),verbose=(recovery_progress),
2018-10-01T11:22:04.191+0000 I STORAGE  [initandlisten] WiredTiger message [1538392924:191889][2286:0x7f48a2fbb680], txn-recover: Main recovery loop: starting at 6/8832
2018-10-01T11:22:04.192+0000 I STORAGE  [initandlisten] WiredTiger message [1538392924:192235][2286:0x7f48a2fbb680], txn-recover: Recovering log 6 through 7
2018-10-01T11:22:04.252+0000 I STORAGE  [initandlisten] WiredTiger message [1538392924:252485][2286:0x7f48a2fbb680], txn-recover: Recovering log 7 through 7
2018-10-01T11:22:04.304+0000 I STORAGE  [initandlisten] WiredTiger message [1538392924:304698][2286:0x7f48a2fbb680], txn-recover: Set global recovery timestamp: 0
2018-10-01T11:22:04.327+0000 I RECOVERY [initandlisten] WiredTiger recoveryTimestamp. Ts: Timestamp(0, 0)
2018-10-01T11:22:04.340+0000 I CONTROL  [initandlisten] 
2018-10-01T11:22:04.340+0000 I CONTROL  [initandlisten] ** WARNING: Access control is not enabled for the database.
2018-10-01T11:22:04.340+0000 I CONTROL  [initandlisten] **          Read and write access to data and configuration is unrestricted.
2018-10-01T11:22:04.340+0000 I CONTROL  [initandlisten] ** WARNING: You are running this process as the root user, which is not recommended.
2018-10-01T11:22:04.340+0000 I CONTROL  [initandlisten] 
2018-10-01T11:22:04.340+0000 I CONTROL  [initandlisten] ** WARNING: This server is bound to localhost.
2018-10-01T11:22:04.340+0000 I CONTROL  [initandlisten] **          Remote systems will be unable to connect to this server. 
2018-10-01T11:22:04.340+0000 I CONTROL  [initandlisten] **          Start the server with --bind_ip <address> to specify which IP 
2018-10-01T11:22:04.340+0000 I CONTROL  [initandlisten] **          addresses it should serve responses from, or with --bind_ip_all to
2018-10-01T11:22:04.340+0000 I CONTROL  [initandlisten] **          bind to all interfaces. If this behavior is desired, start the
2018-10-01T11:22:04.340+0000 I CONTROL  [initandlisten] **          server with --bind_ip 127.0.0.1 to disable this warning.
2018-10-01T11:22:04.340+0000 I CONTROL  [initandlisten] 
2018-10-01T11:22:04.352+0000 I FTDC     [initandlisten] Initializing full-time diagnostic data capture with directory '/data/db/diagnostic.data'
2018-10-01T11:22:04.353+0000 I NETWORK  [initandlisten] waiting for connections on port 27017
2018-10-01T11:22:04.667+0000 I CONTROL  [free_mon] Free Monitoring is Enabled. Frequency: 60 seconds
2018-10-01T11:22:05.019+0000 I FTDC     [ftdc] Unclean full-time diagnostic data capture shutdown detected, found interim file, some metrics may have been lost. OK
2018-10-01T11:22:10.478+0000 I NETWORK  [listener] connection accepted from 127.0.0.1:39292 #1 (1 connection now open)
2018-10-01T11:22:10.479+0000 I NETWORK  [conn1] received client metadata from 127.0.0.1:39292 conn1: { application: { name: "MongoDB Shell" }, driver: { name: "MongoDB Internal Client", version: "4.0.2" }, os: { type: "Linux", name: "Ubuntu", architecture: "x86_64", version: "18.04" } }
2018-10-01T11:22:13.813+0000 I NETWORK  [conn1] end connection 127.0.0.1:39292 (0 connections now open)
2018-10-01T11:22:21.103+0000 I NETWORK  [listener] connection accepted from 127.0.0.1:39296 #2 (1 connection now open)
2018-10-01T11:22:21.103+0000 I NETWORK  [conn2] received client metadata from 127.0.0.1:39296 conn2: { driver: { name: "PyMongo", version: "3.7.1" }, os: { type: "Linux", name: "Linux", architecture: "x86_64", version: "4.15.0-34-generic" }, platform: "CPython 3.6.5.final.0" }
2018-10-01T11:22:21.104+0000 I NETWORK  [listener] connection accepted from 127.0.0.1:39298 #3 (2 connections now open)
2018-10-01T11:22:21.104+0000 I NETWORK  [conn3] received client metadata from 127.0.0.1:39298 conn3: { driver: { name: "PyMongo", version: "3.7.1" }, os: { type: "Linux", name: "Linux", architecture: "x86_64", version: "4.15.0-34-generic" }, platform: "CPython 3.6.5.final.0" }
2018-10-01T11:22:21.701+0000 I NETWORK  [conn3] end connection 127.0.0.1:39298 (1 connection now open)
2018-10-01T11:22:21.701+0000 I NETWORK  [conn2] end connection 127.0.0.1:39296 (0 connections now open)
2018-10-01T12:02:10.448+0000 I NETWORK  [listener] connection accepted from 127.0.0.1:39456 #4 (1 connection now open)
2018-10-01T12:02:10.448+0000 I NETWORK  [conn4] received client metadata from 127.0.0.1:39456 conn4: { driver: { name: "PyMongo", version: "3.7.1" }, os: { type: "Linux", name: "Linux", architecture: "x86_64", version: "4.15.0-34-generic" }, platform: "CPython 3.6.5.final.0" }
2018-10-01T12:02:10.449+0000 I NETWORK  [listener] connection accepted from 127.0.0.1:39458 #5 (2 connections now open)
2018-10-01T12:02:10.449+0000 I NETWORK  [conn5] received client metadata from 127.0.0.1:39458 conn5: { driver: { name: "PyMongo", version: "3.7.1" }, os: { type: "Linux", name: "Linux", architecture: "x86_64", version: "4.15.0-34-generic" }, platform: "CPython 3.6.5.final.0" }
2018-10-01T12:02:11.045+0000 I NETWORK  [conn5] end connection 127.0.0.1:39458 (1 connection now open)
2018-10-01T12:02:11.045+0000 I NETWORK  [conn4] end connection 127.0.0.1:39456 (0 connections now open)
2018-10-05T01:37:45.935+0000 I NETWORK  [listener] connection accepted from 127.0.0.1:60094 #6 (1 connection now open)
2018-10-05T01:37:45.936+0000 I NETWORK  [conn6] received client metadata from 127.0.0.1:60094 conn6: { application: { name: "MongoDB Shell" }, driver: { name: "MongoDB Internal Client", version: "4.0.2" }, os: { type: "Linux", name: "Ubuntu", architecture: "x86_64", version: "18.04" } }
2018-10-05T01:38:40.636+0000 I NETWORK  [conn6] end connection 127.0.0.1:60094 (0 connections now open)
2018-10-08T07:19:26.260+0000 I CONTROL  [signalProcessingThread] got signal 15 (Terminated), will terminate after current cmd ends
2018-10-08T07:19:26.264+0000 I NETWORK  [signalProcessingThread] shutdown: going to close listening sockets...
2018-10-08T07:19:26.265+0000 I NETWORK  [signalProcessingThread] removing socket file: /tmp/mongodb-27017.sock
2018-10-08T07:19:26.294+0000 I CONTROL  [signalProcessingThread] Shutting down free monitoring
2018-10-08T07:19:26.296+0000 I FTDC     [signalProcessingThread] Shutting down full-time diagnostic data capture
2018-10-08T07:19:26.322+0000 I STORAGE  [signalProcessingThread] WiredTigerKVEngine shutting down
2018-10-08T07:19:26.532+0000 I STORAGE  [signalProcessingThread] shutdown: removing fs lock...
2018-10-08T07:19:26.533+0000 I CONTROL  [signalProcessingThread] now exiting
2018-10-08T07:19:26.533+0000 I CONTROL  [signalProcessingThread] shutting down with code:0
